2026-04-04 14:58:07+0000: Running with following config:
allowResignation = true
lagBuffer = 1.0
logAllGTPCommunication = true
logDir = gtp_logs
logSearchInfo = true
logSearchInfoForChosenMove = false
logToStderr = false
maxTimePondering = 60.0
maxVisits = 500
numSearchThreads = 6
ponderingEnabled = false
resignConsecTurns = 3
resignThreshold = -0.90
rules = tromp-taylor
searchFactorAfterOnePass = 0.50
searchFactorAfterTwoPass = 0.25
searchFactorWhenWinning = 0.40
searchFactorWhenWinningThreshold = 0.95

2026-04-04 14:58:07+0000: GTP Engine starting...
2026-04-04 14:58:07+0000: KataGo v1.16.4
2026-04-04 14:58:07+0000: Using TrompTaylor rules initially, unless GTP/GUI overrides this
2026-04-04 14:58:07+0000: Using 6 CPU thread(s) for search
2026-04-04 14:58:07+0000: nnRandSeed0 = 4613872052163876064
2026-04-04 14:58:07+0000: After dedups: nnModelFile0 = /usr/local/kata1-b28c512nbt-s12763923712-d5805955894.bin.gz useFP16 auto useNHWC auto
2026-04-04 14:58:07+0000: Initializing neural net buffer to be size 19 * 19 exactly
2026-04-04 14:58:12+0000: Eigen (CPU) backend thread 0: Model version 15
2026-04-04 14:58:12+0000: Eigen (CPU) backend thread 1: Model version 15
2026-04-04 14:58:12+0000: Eigen (CPU) backend thread 2: Model version 15
2026-04-04 14:58:12+0000: Eigen (CPU) backend thread 2: Model name: kata1-b28c512nbt-s12763923712-d5805955894
2026-04-04 14:58:12+0000: Eigen (CPU) backend thread 3: Model version 15
2026-04-04 14:58:12+0000: Eigen (CPU) backend thread 3: Model name: kata1-b28c512nbt-s12763923712-d5805955894
2026-04-04 14:58:12+0000: Eigen (CPU) backend thread 1: Model name: kata1-b28c512nbt-s12763923712-d5805955894
2026-04-04 14:58:12+0000: Eigen (CPU) backend thread 0: Model name: kata1-b28c512nbt-s12763923712-d5805955894
2026-04-04 14:58:16+0000: Loaded neural net with nnXLen 19 nnYLen 19
2026-04-04 14:58:16+0000: Initializing board with boardXSize 19 boardYSize 19
2026-04-04 14:58:16+0000: Loaded config /var/www/maklom.online/katago/default_gtp.cfg
2026-04-04 14:58:16+0000: Loaded model /usr/local/kata1-b28c512nbt-s12763923712-d5805955894.bin.gz
2026-04-04 14:58:16+0000: Model name: kata1-b28c512nbt-s12763923712-d5805955894
2026-04-04 14:58:16+0000: GTP ready, beginning main protocol loop
2026-04-04 14:58:16+0000: Controller: protocol_version
2026-04-04 14:58:16+0000: = 2
2026-04-04 14:58:16+0000: Controller: clear_board
2026-04-04 14:58:16+0000: = 
2026-04-04 14:58:16+0000: Controller: boardsize 19
2026-04-04 14:58:16+0000: = 
2026-04-04 14:58:16+0000: Controller: komi 6.5
2026-04-04 14:58:16+0000: = 
2026-04-04 14:58:16+0000: Controller: kata-set-param maxVisits 50
2026-04-04 14:58:16+0000: = 
2026-04-04 14:58:16+0000: Controller: kata-set-param rootNoiseEnabled false
2026-04-04 14:58:16+0000: = 
2026-04-04 14:58:16+0000: Controller: kata-set-param rootPolicyTemperature 1.05
2026-04-04 14:58:16+0000: = 
2026-04-04 14:58:16+0000: Controller: play black Q16
2026-04-04 14:58:16+0000: = 
2026-04-04 14:58:16+0000: Controller: time_settings 1200 30 3
2026-04-04 14:58:16+0000: = 
2026-04-04 14:58:16+0000: Controller: time_left white 1200 3
2026-04-04 14:58:16+0000: = 
2026-04-04 14:58:16+0000: Controller: genmove white
2026-04-04 14:58:55+0000: MoveNum: 1 HASH: D787FAD66281F76731DCD9C1B3387463
   A B C D E F G H J K L M N O P Q R S T
19 . . . . . . . . . . . . . . . . . . .
18 . . . . . . . . . . . . . . . . . . .
17 . . . . . . . . . . . . . . . . . . .
16 . . . . . . . . . . . . . . . X1. . .
15 . . . . . . . . . . . . . . . . . . .
14 . . . . . . . . . . . . . . . . . . .
13 . . . . . . . . . . . . . . . . . . .
12 . . . . . . . . . . . . . . . . . . .
11 . . . . . . . . . . . . . . . . . . .
10 . . . . . . . . . . . . . . . . . . .
 9 . . . . . . . . . . . . . . . . . . .
 8 . . . . . . . . . . . . . . . . . . .
 7 . . . . . . . . . . . . . . . . . . .
 6 . . . . . . . . . . . . . . . . . . .
 5 . . . . . . . . . . . . . . . . . . .
 4 . . . @ . . . . . . . . . . . . . . .
 3 . . . . . . . . . . . . . . . . . . .
 2 . . . . . . . . . . . . . . . . . . .
 1 . . . . . . . . . . . . . . . . . . .

koPOSITIONALscoreAREAtaxNONEsui1komi6.5
Time taken: 39.0915
Root visits: 55
New playouts: 55
NN rows: 55
NN batches: 43
NN avg batch size: 1.27907
PV: D4 Q4 D16 C3
Tree:
: T -19.80c W -19.55c S  -0.33c ( -1.0 L  -0.3) N      55  --  D4 Q4 D16 C3
---White(^)---
D4  : T -19.30c W -19.17c S  -0.11c ( -0.8 L  -0.2) LCB  -23.07c P 61.78% WF  44.0 PSV      44 N      14  --  D4 Q4 D16 C3
D16 : T -19.08c W -19.03c S  -0.18c ( -0.8 L  -0.3) LCB  -24.99c P  7.67% WF  34.3 PSV       5 N      11  --  D16 D4 Q4 C17 C16
D17 : T -19.68c W -19.50c S  -0.45c ( -1.1 L  -0.4) LCB  -27.19c P  1.94% WF  31.8 PSV       1 N      10  --  D17 D4 R3 C15
C16 : T -19.68c W -19.43c S  -0.48c ( -1.1 L  -0.4) LCB  -30.93c P  1.88% WF  25.2 PSV       1 N       8  --  C16 D4 R3 E17
C4  : T -20.50c W -19.80c S  -0.48c ( -1.1 L  -0.4) LCB  -31.70c P  1.86% WF  23.4 PSV       1 N       8  --  C4 Q4 D17 E4 E3
C17 : T -23.80c W -23.00c S  -0.68c ( -1.3 L  -0.6) LCB  -97.67c P  2.22% WF   7.8 PSV       0 N       3  --  C17 D3

2026-04-04 14:58:55+0000: = D4
2026-04-04 14:58:56+0000: Controller: quit
2026-04-04 14:58:56+0000: Quit requested by controller
2026-04-04 14:58:56+0000: = 
2026-04-04 14:58:56+0000: GPU -1 finishing, processed 14 rows 11 batches
2026-04-04 14:58:56+0000: GPU -1 finishing, processed 14 rows 11 batches
2026-04-04 14:58:56+0000: GPU -1 finishing, processed 14 rows 12 batches
2026-04-04 14:58:56+0000: GPU -1 finishing, processed 13 rows 9 batches
2026-04-04 14:58:56+0000: All cleaned up, quitting
