2026-04-04 14:58:58+0000: Running with following config:
allowResignation = true
lagBuffer = 1.0
logAllGTPCommunication = true
logDir = gtp_logs
logSearchInfo = true
logSearchInfoForChosenMove = false
logToStderr = false
maxTimePondering = 60.0
maxVisits = 500
numSearchThreads = 6
ponderingEnabled = false
resignConsecTurns = 3
resignThreshold = -0.90
rules = tromp-taylor
searchFactorAfterOnePass = 0.50
searchFactorAfterTwoPass = 0.25
searchFactorWhenWinning = 0.40
searchFactorWhenWinningThreshold = 0.95

2026-04-04 14:58:58+0000: GTP Engine starting...
2026-04-04 14:58:58+0000: KataGo v1.16.4
2026-04-04 14:58:58+0000: Using TrompTaylor rules initially, unless GTP/GUI overrides this
2026-04-04 14:58:58+0000: Using 6 CPU thread(s) for search
2026-04-04 14:58:58+0000: nnRandSeed0 = 15597786120217297390
2026-04-04 14:58:58+0000: After dedups: nnModelFile0 = /usr/local/kata1-b28c512nbt-s12763923712-d5805955894.bin.gz useFP16 auto useNHWC auto
2026-04-04 14:58:58+0000: Initializing neural net buffer to be size 19 * 19 exactly
2026-04-04 14:59:04+0000: Eigen (CPU) backend thread 1: Model version 15
2026-04-04 14:59:04+0000: Eigen (CPU) backend thread 1: Model name: kata1-b28c512nbt-s12763923712-d5805955894
2026-04-04 14:59:04+0000: Eigen (CPU) backend thread 2: Model version 15
2026-04-04 14:59:04+0000: Eigen (CPU) backend thread 2: Model name: kata1-b28c512nbt-s12763923712-d5805955894
2026-04-04 14:59:04+0000: Eigen (CPU) backend thread 3: Model version 15
2026-04-04 14:59:04+0000: Eigen (CPU) backend thread 3: Model name: kata1-b28c512nbt-s12763923712-d5805955894
2026-04-04 14:59:04+0000: Eigen (CPU) backend thread 0: Model version 15
2026-04-04 14:59:04+0000: Eigen (CPU) backend thread 0: Model name: kata1-b28c512nbt-s12763923712-d5805955894
2026-04-04 14:59:07+0000: Loaded neural net with nnXLen 19 nnYLen 19
2026-04-04 14:59:07+0000: Initializing board with boardXSize 19 boardYSize 19
2026-04-04 14:59:07+0000: Loaded config /var/www/maklom.online/katago/default_gtp.cfg
2026-04-04 14:59:07+0000: Loaded model /usr/local/kata1-b28c512nbt-s12763923712-d5805955894.bin.gz
2026-04-04 14:59:07+0000: Model name: kata1-b28c512nbt-s12763923712-d5805955894
2026-04-04 14:59:07+0000: GTP ready, beginning main protocol loop
2026-04-04 14:59:07+0000: Controller: protocol_version
2026-04-04 14:59:07+0000: = 2
2026-04-04 14:59:07+0000: Controller: clear_board
2026-04-04 14:59:07+0000: = 
2026-04-04 14:59:07+0000: Controller: boardsize 19
2026-04-04 14:59:07+0000: = 
2026-04-04 14:59:07+0000: Controller: komi 6.5
2026-04-04 14:59:07+0000: = 
2026-04-04 14:59:08+0000: Controller: kata-set-param maxVisits 50
2026-04-04 14:59:08+0000: = 
2026-04-04 14:59:08+0000: Controller: kata-set-param rootNoiseEnabled false
2026-04-04 14:59:08+0000: = 
2026-04-04 14:59:08+0000: Controller: kata-set-param rootPolicyTemperature 1.05
2026-04-04 14:59:08+0000: = 
2026-04-04 14:59:08+0000: Controller: play black Q16
2026-04-04 14:59:08+0000: = 
2026-04-04 14:59:08+0000: Controller: time_settings 1200 20 3
2026-04-04 14:59:08+0000: = 
2026-04-04 14:59:08+0000: Controller: time_left white 1200 3
2026-04-04 14:59:08+0000: = 
2026-04-04 14:59:08+0000: Controller: genmove white
2026-04-04 14:59:45+0000: MoveNum: 1 HASH: D787FAD66281F76731DCD9C1B3387463
   A B C D E F G H J K L M N O P Q R S T
19 . . . . . . . . . . . . . . . . . . .
18 . . . . . . . . . . . . . . . . . . .
17 . . . . . . . . . . . . . . . . . . .
16 . . . . . . . . . . . . . . . X1. . .
15 . . . . . . . . . . . . . . . . . . .
14 . . . . . . . . . . . . . . . . . . .
13 . . . . . . . . . . . . . . . . . . .
12 . . . . . . . . . . . . . . . . . . .
11 . . . . . . . . . . . . . . . . . . .
10 . . . . . . . . . . . . . . . . . . .
 9 . . . . . . . . . . . . . . . . . . .
 8 . . . . . . . . . . . . . . . . . . .
 7 . . . . . . . . . . . . . . . . . . .
 6 . . . . . . . . . . . . . . . . . . .
 5 . . . . . . . . . . . . . . . . . . .
 4 . . . @ . . . . . . . . . . . . . . .
 3 . . . . . . . . . . . . . . . . . . .
 2 . . . . . . . . . . . . . . . . . . .
 1 . . . . . . . . . . . . . . . . . . .

koPOSITIONALscoreAREAtaxNONEsui1komi6.5
Time taken: 37.3794
Root visits: 55
New playouts: 55
NN rows: 54
NN batches: 42
NN avg batch size: 1.28571
PV: D4 Q4 D16 C3
Tree:
: T -20.35c W -19.88c S  -0.40c ( -1.0 L  -0.3) N      55  --  D4 Q4 D16 C3
---White(^)---
D4  : T -19.25c W -19.30c S  -0.16c ( -0.8 L  -0.2) LCB  -23.02c P 61.78% WF  43.9 PSV      44 N      14  --  D4 Q4 D16 C3
D16 : T -19.71c W -19.41c S  -0.22c ( -0.8 L  -0.3) LCB  -24.83c P  7.27% WF  36.7 PSV       4 N      12  --  D16 D4 Q4 R3 Q3 R4
C16 : T -20.28c W -19.64c S  -0.55c ( -1.2 L  -0.4) LCB  -28.31c P  1.87% WF  28.1 PSV       1 N       9  --  C16 Q4 D3 C5
C4  : T -21.02c W -20.14c S  -0.58c ( -1.2 L  -0.4) LCB  -27.19c P  1.82% WF  32.5 PSV       0 N      11  --  C4 Q4 D17 E4 E3
D17 : T -22.27c W -21.20c S  -0.66c ( -1.3 L  -0.5) LCB  -41.75c P  1.92% WF  16.5 PSV       0 N       6  --  D17 D4 R3 C15
C17 : T -23.45c W -22.63c S  -0.84c ( -1.4 L  -0.6) LCB -172.49c P  1.92% WF   5.6 PSV       0 N       2  --  C17 Q3

2026-04-04 14:59:45+0000: = D4
2026-04-04 14:59:45+0000: Controller: quit
2026-04-04 14:59:45+0000: Quit requested by controller
2026-04-04 14:59:45+0000: = 
2026-04-04 14:59:45+0000: GPU -1 finishing, processed 14 rows 13 batches
2026-04-04 14:59:45+0000: GPU -1 finishing, processed 13 rows 8 batches
2026-04-04 14:59:45+0000: GPU -1 finishing, processed 13 rows 13 batches
2026-04-04 14:59:45+0000: GPU -1 finishing, processed 14 rows 8 batches
2026-04-04 14:59:45+0000: All cleaned up, quitting
